[    0.000000] Linux version 4.15.0-193-generic (buildd@lcy02-amd64-022) (gcc version 7.5.0 (Ubuntu 7.5.0-3ubuntu1~18.04)) #204-Ubuntu SMP Fri Aug 26 19:20:21 UTC 2022 (Ubuntu 4.15.0-193.204-generic 4.15.18)
[    0.000000] Command line: BOOT_IMAGE=/boot/vmlinuz-4.15.0-193-generic root=LABEL=cloudimg-rootfs ro console=tty1 console=ttyS0
[    0.000000] KERNEL supported cpus:
[    0.000000]   Intel GenuineIntel
[    0.000000]   AMD AuthenticAMD
[    0.000000]   Centaur CentaurHauls
[    0.000000] x86/fpu: x87 FPU will use FXSAVE
[    0.000000] e820: BIOS-provided physical RAM map:
[    0.000000] BIOS-e820: [mem 0x0000000000000000-0x000000000009fbff] usable
[    0.000000] BIOS-e820: [mem 0x000000000009fc00-0x000000000009ffff] reserved
[    0.000000] BIOS-e820: [mem 0x00000000000f0000-0x00000000000fffff] reserved
[    0.000000] BIOS-e820: [mem 0x0000000000100000-0x000000003ffeffff] usable
[    0.000000] BIOS-e820: [mem 0x000000003fff0000-0x000000003fffffff] ACPI data
[    0.000000] BIOS-e820: [mem 0x00000000fec00000-0x00000000fec00fff] reserved
[    0.000000] BIOS-e820: [mem 0x00000000fee00000-0x00000000fee00fff] reserved
[    0.000000] BIOS-e820: [mem 0x00000000fffc0000-0x00000000ffffffff] reserved
[    0.000000] NX (Execute Disable) protection: active
[    0.000000] SMBIOS 2.5 present.
[    0.000000] DMI: innotek GmbH VirtualBox/VirtualBox, BIOS VirtualBox 12/01/2006
[    0.000000] Hypervisor detected: KVM
[    0.000000] e820: last_pfn = 0x3fff0 max_arch_pfn = 0x400000000
[    0.000000] MTRR: Disabled
[    0.000000] x86/PAT: MTRRs disabled, skipping PAT initialization too.
[    0.000000] CPU MTRRs all blank - virtualized system.
[    0.000000] x86/PAT: Configuration [0-7]: WB  WT  UC- UC  WB  WT  UC- UC  
[    0.000000] found SMP MP-table at [mem 0x0009fff0-0x0009ffff]
[    0.000000] Scanning 1 areas for low memory corruption
[    0.000000] RAMDISK: [mem 0x359cb000-0x36cdcfff]
[    0.000000] ACPI: Early table checksum verification disabled
[    0.000000] ACPI: RSDP 0x00000000000E0000 000024 (v02 VBOX  )
[    0.000000] ACPI: XSDT 0x000000003FFF0030 00003C (v01 VBOX   VBOXXSDT 00000001 ASL  00000061)
[    0.000000] ACPI: FACP 0x000000003FFF00F0 0000F4 (v04 VBOX   VBOXFACP 00000001 ASL  00000061)
[    0.000000] ACPI: DSDT 0x000000003FFF0470 002325 (v02 VBOX   VBOXBIOS 00000002 INTL 20100528)
[    0.000000] ACPI: FACS 0x000000003FFF0200 000040
[    0.000000] ACPI: FACS 0x000000003FFF0200 000040
[    0.000000] ACPI: APIC 0x000000003FFF0240 00005C (v02 VBOX   VBOXAPIC 00000001 ASL  00000061)
[    0.000000] ACPI: SSDT 0x000000003FFF02A0 0001CC (v01 VBOX   VBOXCPUT 00000002 INTL 20100528)
[    0.000000] ACPI: Reserving FACP table memory at [mem 0x3fff00f0-0x3fff01e3]
[    0.000000] ACPI: Reserving DSDT table memory at [mem 0x3fff0470-0x3fff2794]
[    0.000000] ACPI: Reserving FACS table memory at [mem 0x3fff0200-0x3fff023f]
[    0.000000] ACPI: Reserving FACS table memory at [mem 0x3fff0200-0x3fff023f]
[    0.000000] ACPI: Reserving APIC table memory at [mem 0x3fff0240-0x3fff029b]
[    0.000000] ACPI: Reserving SSDT table memory at [mem 0x3fff02a0-0x3fff046b]
[    0.000000] No NUMA configuration found
[    0.000000] Faking a node at [mem 0x0000000000000000-0x000000003ffeffff]
[    0.000000] NODE_DATA(0) allocated [mem 0x3ffc5000-0x3ffeffff]
[    0.000000] kvm-clock: cpu 0, msr 0:3ff44001, primary cpu clock
[    0.000000] kvm-clock: Using msrs 4b564d01 and 4b564d00
[    0.000000] kvm-clock: using sched offset of 6862175380 cycles
[    0.000000] clocksource: kvm-clock: mask: 0xffffffffffffffff max_cycles: 0x1cd42e4dffb, max_idle_ns: 881590591483 ns
[    0.000000] Zone ranges:
[    0.000000]   DMA      [mem 0x0000000000001000-0x0000000000ffffff]
[    0.000000]   DMA32    [mem 0x0000000001000000-0x000000003ffeffff]
[    0.000000]   Normal   empty
[    0.000000]   Device   empty
[    0.000000] Movable zone start for each node
[    0.000000] Early memory node ranges
[    0.000000]   node   0: [mem 0x0000000000001000-0x000000000009efff]
[    0.000000]   node   0: [mem 0x0000000000100000-0x000000003ffeffff]
[    0.000000] Reserved but unavailable: 104 pages
[    0.000000] Initmem setup node 0 [mem 0x0000000000001000-0x000000003ffeffff]
[    0.000000] ACPI: PM-Timer IO Port: 0x4008
[    0.000000] IOAPIC[0]: apic_id 2, version 32, address 0xfec00000, GSI 0-23
[    0.000000] ACPI: INT_SRC_OVR (bus 0 bus_irq 0 global_irq 2 dfl dfl)
[    0.000000] ACPI: INT_SRC_OVR (bus 0 bus_irq 9 global_irq 9 low level)
[    0.000000] Using ACPI (MADT) for SMP configuration information
[    0.000000] smpboot: Allowing 2 CPUs, 0 hotplug CPUs
[    0.000000] PM: Registered nosave memory: [mem 0x00000000-0x00000fff]
[    0.000000] PM: Registered nosave memory: [mem 0x0009f000-0x0009ffff]
[    0.000000] PM: Registered nosave memory: [mem 0x000a0000-0x000effff]
[    0.000000] PM: Registered nosave memory: [mem 0x000f0000-0x000fffff]
[    0.000000] e820: [mem 0x40000000-0xfebfffff] available for PCI devices
[    0.000000] Booting paravirtualized kernel on KVM
[    0.000000] clocksource: refined-jiffies: mask: 0xffffffff max_cycles: 0xffffffff, max_idle_ns: 7645519600211568 ns
[    0.000000] random: get_random_bytes called from start_kernel+0x99/0x500 with crng_init=0
[    0.000000] setup_percpu: NR_CPUS:8192 nr_cpumask_bits:2 nr_cpu_ids:2 nr_node_ids:1
[    0.000000] percpu: Embedded 50 pages/cpu s167936 r8192 d28672 u1048576
[    0.000000] PV qspinlock hash table entries: 256 (order: 0, 4096 bytes)
[    0.000000] Built 1 zonelists, mobility grouping on.  Total pages: 257913
[    0.000000] Policy zone: DMA32
[    0.000000] Kernel command line: BOOT_IMAGE=/boot/vmlinuz-4.15.0-193-generic root=LABEL=cloudimg-rootfs ro console=tty1 console=ttyS0
[    0.000000] Memory: 982648K/1048120K available (12300K kernel code, 2484K rwdata, 4324K rodata, 2468K init, 2724K bss, 65472K reserved, 0K cma-reserved)
[    0.000000] SLUB: HWalign=64, Order=0-3, MinObjects=0, CPUs=2, Nodes=1
[    0.000000] Kernel/User page tables isolation: enabled
[    0.000000] ftrace: allocating 39483 entries in 155 pages
[    0.004000] Hierarchical RCU implementation.
[    0.004000] 	RCU restricting CPUs from NR_CPUS=8192 to nr_cpu_ids=2.
[    0.004000] 	Tasks RCU enabled.
[    0.004000] RCU: Adjusting geometry for rcu_fanout_leaf=16, nr_cpu_ids=2
[    0.004000] NR_IRQS: 524544, nr_irqs: 440, preallocated irqs: 16
[    0.004000] Console: colour VGA+ 80x25
[    0.004000] console [tty1] enabled
[    0.004000] console [ttyS0] enabled
[    0.004000] ACPI: Core revision 20170831
[    0.004000] ACPI: 2 ACPI AML tables successfully acquired and loaded
[    0.004000] APIC: Switch to symmetric I/O mode setup
[    0.008000] ..TIMER: vector=0x30 apic1=0 pin1=2 apic2=-1 pin2=-1
[    0.008010] tsc: Detected 2303.998 MHz processor
[    0.012023] Calibrating delay loop (skipped) preset value.. 4607.99 BogoMIPS (lpj=9215992)
[    0.016013] pid_max: default: 32768 minimum: 301
[    0.020066] Security Framework initialized
[    0.024011] Yama: becoming mindful.
[    0.028057] AppArmor: AppArmor initialized
[    0.032205] Dentry cache hash table entries: 131072 (order: 8, 1048576 bytes)
[    0.036097] Inode-cache hash table entries: 65536 (order: 7, 524288 bytes)
[    0.040040] Mount-cache hash table entries: 2048 (order: 2, 16384 bytes)
[    0.044020] Mountpoint-cache hash table entries: 2048 (order: 2, 16384 bytes)
[    0.052085] Last level iTLB entries: 4KB 64, 2MB 8, 4MB 8
[    0.056010] Last level dTLB entries: 4KB 64, 2MB 0, 4MB 0, 1GB 4
[    0.060012] Spectre V1 : Mitigation: usercopy/swapgs barriers and __user pointer sanitization
[    0.068007] Spectre V2 : Mitigation: Retpolines
[    0.072007] Spectre V2 : Spectre v2 / SpectreRSB mitigation: Filling RSB on context switch
[    0.076006] Speculative Store Bypass: Vulnerable
[    0.080169] MDS: Mitigation: Clear CPU buffers
[    0.084007] MMIO Stale Data: Mitigation: Clear CPU buffers
[    0.088208] Freeing SMP alternatives memory: 36K
[    0.207472] smpboot: CPU0: Intel(R) Core(TM) i3-7020U CPU @ 2.30GHz (family: 0x6, model: 0x8e, stepping: 0x9)
[    0.208109] Performance Events: unsupported p6 CPU model 142 no PMU driver, software events only.
[    0.212078] Hierarchical SRCU implementation.
[    0.216787] NMI watchdog: Perf event create on CPU 0 failed with -2
[    0.224008] NMI watchdog: Perf NMI watchdog permanently disabled
[    0.228094] smp: Bringing up secondary CPUs ...
[    0.232138] x86: Booting SMP configuration:
[    0.236009] .... node  #0, CPUs:      #1
[    0.004000] kvm-clock: cpu 1, msr 0:3ff44041, secondary cpu clock
[    0.254645] TSC synchronization [CPU#0 -> CPU#1]:
[    0.256000] Measured 164777 cycles TSC warp between CPUs, turning off TSC clock.
[    0.256000] tsc: Marking TSC unstable due to check_tsc_sync_source failed
[    0.264613] smp: Brought up 1 node, 2 CPUs
[    0.268014] smpboot: Max logical packages: 1
[    0.272011] smpboot: Total of 2 processors activated (9215.99 BogoMIPS)
[    0.280196] devtmpfs: initialized
[    0.284105] x86/mm: Memory block size: 128MB
[    0.292202] evm: security.selinux
[    0.296007] evm: security.SMACK64
[    0.300007] evm: security.SMACK64EXEC
[    0.304005] evm: security.SMACK64TRANSMUTE
[    0.308009] evm: security.SMACK64MMAP
[    0.312007] evm: security.apparmor
[    0.316005] evm: security.ima
[    0.320005] evm: security.capability
[    0.328326] clocksource: jiffies: mask: 0xffffffff max_cycles: 0xffffffff, max_idle_ns: 7645041785100000 ns
[    0.332032] futex hash table entries: 512 (order: 3, 32768 bytes)
[    0.336076] pinctrl core: initialized pinctrl subsystem
[    0.340894] RTC time:  4:59:21, date: 10/01/22
[    0.349108] NET: Registered protocol family 16
[    0.352176] audit: initializing netlink subsys (disabled)
[    0.360186] audit: type=2000 audit(1664600369.192:1): state=initialized audit_enabled=0 res=1
[    0.384014] cpuidle: using governor ladder
[    0.388019] cpuidle: using governor menu
[    0.392067] ACPI: bus type PCI registered
[    0.396008] acpiphp: ACPI Hot Plug PCI Controller Driver version: 0.5
[    0.400960] PCI: Using configuration type 1 for base access
[    0.412485] HugeTLB registered 2.00 MiB page size, pre-allocated 0 pages
[    0.424692] ACPI: Added _OSI(Module Device)
[    0.428009] ACPI: Added _OSI(Processor Device)
[    0.432007] ACPI: Added _OSI(3.0 _SCP Extensions)
[    0.436009] ACPI: Added _OSI(Processor Aggregator Device)
[    0.440009] ACPI: Added _OSI(Linux-Dell-Video)
[    0.444010] ACPI: Added _OSI(Linux-Lenovo-NV-HDMI-Audio)
[    0.448013] ACPI: Added _OSI(Linux-HPI-Hybrid-Graphics)
[    0.453904] ACPI: Executed 1 blocks of module-level executable AML code
[    0.466396] ACPI: Interpreter enabled
[    0.468030] ACPI: (supports S0 S5)
[    0.472007] ACPI: Using IOAPIC for interrupt routing
[    0.476726] PCI: Using host bridge windows from ACPI; if necessary, use "pci=nocrs" and report a bug
[    0.480468] ACPI: Enabled 2 GPEs in block 00 to 07
[    0.504959] ACPI: PCI Root Bridge [PCI0] (domain 0000 [bus 00-ff])
[    0.508020] acpi PNP0A03:00: _OSC: OS supports [ASPM ClockPM Segments MSI]
[    0.513331] acpi PNP0A03:00: _OSC: not requesting OS control; OS requires [ExtendedConfig ASPM ClockPM MSI]
[    0.520042] acpi PNP0A03:00: fail to add MMCONFIG information, can't access extended PCI configuration space under this bridge.
[    0.528227] PCI host bridge to bus 0000:00
[    0.532011] pci_bus 0000:00: root bus resource [io  0x0000-0x0cf7 window]
[    0.536012] pci_bus 0000:00: root bus resource [io  0x0d00-0xffff window]
[    0.540012] pci_bus 0000:00: root bus resource [mem 0x000a0000-0x000bffff window]
[    0.544012] pci_bus 0000:00: root bus resource [mem 0x40000000-0xfdffffff window]
[    0.548012] pci_bus 0000:00: root bus resource [bus 00-ff]
[    0.568524] pci 0000:00:01.1: legacy IDE quirk: reg 0x10: [io  0x01f0-0x01f7]
[    0.572010] pci 0000:00:01.1: legacy IDE quirk: reg 0x14: [io  0x03f6]
[    0.576014] pci 0000:00:01.1: legacy IDE quirk: reg 0x18: [io  0x0170-0x0177]
[    0.580010] pci 0000:00:01.1: legacy IDE quirk: reg 0x1c: [io  0x0376]
[    0.622724] pci 0000:00:07.0: quirk: [io  0x4000-0x403f] claimed by PIIX4 ACPI
[    0.624075] pci 0000:00:07.0: quirk: [io  0x4100-0x410f] claimed by PIIX4 SMB
[    0.652225] ACPI: PCI Interrupt Link [LNKA] (IRQs 5 9 10 *11)
[    0.657279] ACPI: PCI Interrupt Link [LNKB] (IRQs 5 9 *10 11)
[    0.660574] ACPI: PCI Interrupt Link [LNKC] (IRQs 5 *9 10 11)
[    0.664588] ACPI: PCI Interrupt Link [LNKD] (IRQs 5 9 10 *11)
[    0.673603] SCSI subsystem initialized
[    0.680287] pci 0000:00:02.0: vgaarb: setting as boot VGA device
[    0.684000] pci 0000:00:02.0: vgaarb: VGA device added: decodes=io+mem,owns=io+mem,locks=none
[    0.684019] pci 0000:00:02.0: vgaarb: bridge control possible
[    0.692012] vgaarb: loaded
[    0.696125] ACPI: bus type USB registered
[    0.700115] usbcore: registered new interface driver usbfs
[    0.704046] usbcore: registered new interface driver hub
[    0.708038] usbcore: registered new device driver usb
[    0.716426] EDAC MC: Ver: 3.0.0
[    0.728374] PCI: Using ACPI for IRQ routing
[    0.733649] NetLabel: Initializing
[    0.736008] NetLabel:  domain hash size = 128
[    0.740007] NetLabel:  protocols = UNLABELED CIPSOv4 CALIPSO
[    0.744036] NetLabel:  unlabeled traffic allowed by default
[    0.752299] clocksource: Switched to clocksource kvm-clock
[    0.781258] VFS: Disk quotas dquot_6.6.0
[    0.781258] VFS: Dquot-cache hash table entries: 512 (order 0, 4096 bytes)
[    0.781258] AppArmor: AppArmor Filesystem Enabled
[    0.781258] pnp: PnP ACPI init
[    0.781258] pnp: PnP ACPI: found 3 devices
[    0.939601] clocksource: acpi_pm: mask: 0xffffff max_cycles: 0xffffff, max_idle_ns: 2085701024 ns
[    0.940260] NET: Registered protocol family 2
[    0.940260] IP idents hash table entries: 16384 (order: 5, 131072 bytes)
[    0.976147] TCP established hash table entries: 8192 (order: 4, 65536 bytes)
[    0.989340] TCP bind hash table entries: 8192 (order: 5, 131072 bytes)
[    1.000692] TCP: Hash tables configured (established 8192 bind 8192)
[    1.003892] UDP hash table entries: 512 (order: 2, 16384 bytes)
[    1.003892] UDP-Lite hash table entries: 512 (order: 2, 16384 bytes)
[    1.003892] NET: Registered protocol family 1
[    1.003892] pci 0000:00:00.0: Limiting direct PCI/PCI transfers
[    1.003892] pci 0000:00:01.0: Activating ISA DMA hang workarounds
[    1.003892] pci 0000:00:02.0: Video device with shadowed ROM at [mem 0x000c0000-0x000dffff]
[    1.003892] Unpacking initramfs...
[    1.710597] Freeing initrd memory: 19528K
[    1.710597] clocksource: tsc: mask: 0xffffffffffffffff max_cycles: 0x2135f5e6f15, max_idle_ns: 440795231538 ns
[    1.710597] platform rtc_cmos: registered platform RTC device (no PNP device found)
[    1.710597] Scanning for low memory corruption every 60 seconds
[    1.895645] Initialise system trusted keyrings
[    1.909223] Key type blacklist registered
[    1.922058] workingset: timestamp_bits=36 max_order=18 bucket_order=0
[    1.937942] zbud: loaded
[    1.949613] squashfs: version 4.0 (2009/01/31) Phillip Lougher
[    1.961724] fuse init (API version 7.26)
[    2.018200] Key type asymmetric registered
[    2.025704] Asymmetric key parser 'x509' registered
[    2.035230] Block layer SCSI generic (bsg) driver version 0.4 loaded (major 246)
[    2.048506] io scheduler noop registered
[    2.055401] io scheduler deadline registered
[    2.062792] io scheduler cfq registered (default)
[    2.072128] ACPI: AC Adapter [AC] (on-line)
[    2.079895] input: Power Button as /devices/LNXSYSTM:00/LNXPWRBN:00/input/input0
[    2.092686] ACPI: Power Button [PWRF]
[    2.099533] input: Sleep Button as /devices/LNXSYSTM:00/LNXSLPBN:00/input/input1
[    2.111372] ACPI: Sleep Button [SLPF]
[    2.120396] Serial: 8250/16550 driver, 32 ports, IRQ sharing enabled
[    2.122611] ACPI: Battery Slot [BAT0] (battery present)
[    2.169014] 00:02: ttyS0 at I/O 0x3f8 (irq = 4, base_baud = 115200) is a 16550A
[    2.171389] Linux agpgart interface v0.103
[    2.195084] loop: module loaded
[    2.204940] scsi host0: ata_piix
[    2.213384] scsi host1: ata_piix
[    2.219033] ata1: PATA max UDMA/33 cmd 0x1f0 ctl 0x3f6 bmdma 0xd000 irq 14
[    2.222904] ata2: PATA max UDMA/33 cmd 0x170 ctl 0x376 bmdma 0xd008 irq 15
[    2.241708] tun: Universal TUN/TAP device driver, 1.6
[    2.250696] PPP generic driver version 2.4.2
[    2.258562] ehci_hcd: USB 2.0 'Enhanced' Host Controller (EHCI) Driver
[    2.269944] ehci-pci: EHCI PCI platform driver
[    2.277805] ehci-platform: EHCI generic platform driver
[    2.286772] ohci_hcd: USB 1.1 'Open' Host Controller (OHCI) Driver
[    2.297963] ohci-pci: OHCI PCI platform driver
[    2.306448] ohci-platform: OHCI generic platform driver
[    2.315421] uhci_hcd: USB Universal Host Controller Interface driver
[    2.326423] i8042: PNP: PS/2 Controller [PNP0303:PS2K,PNP0f03:PS2M] at 0x60,0x64 irq 1,12
[    2.346339] serio: i8042 KBD port at 0x60,0x64 irq 1
[    2.356526] serio: i8042 AUX port at 0x60,0x64 irq 12
[    2.365671] mousedev: PS/2 mouse device common for all mice
[    2.382652] rtc_cmos rtc_cmos: rtc core: registered rtc_cmos as rtc0
[    2.395105] rtc_cmos rtc_cmos: alarms up to one day, 114 bytes nvram
[    2.406070] i2c /dev entries driver
[    2.412774] input: AT Translated Set 2 keyboard as /devices/platform/i8042/serio0/input/input2
[    2.428385] device-mapper: uevent: version 1.0.3
[    2.439393] device-mapper: ioctl: 4.37.0-ioctl (2017-09-20) initialised: dm-devel@redhat.com
[    2.499386] ledtrig-cpu: registered to indicate activity on CPUs
[    2.515063] NET: Registered protocol family 10
[    2.539780] Segment Routing with IPv6
[    2.546786] NET: Registered protocol family 17
[    2.555991] Key type dns_resolver registered
[    2.565199] mce: Using 0 MCE banks
[    2.572035] RAS: Correctable Errors collector initialized.
[    2.581648] sched_clock: Marking stable (2581565776, 0)->(4444190967, -1862625191)
[    2.602499] registered taskstats version 1
[    2.609970] Loading compiled-in X.509 certificates
[    2.627484] Loaded X.509 cert 'Build time autogenerated kernel key: b9e621348ccbcfe28d0c51e4c3b595dc856bdd44'
[    2.646337] Loaded X.509 cert 'Canonical Ltd. Live Patch Signing: 14df34d1a87cf37625abec039ef2bf521249b969'
[    2.664829] Loaded X.509 cert 'Canonical Ltd. Kernel Module Signing: 88f752e560a1e0737e31163a466ad7b70a850c19'
[    2.681024] blacklist: Loading compiled-in revocation X.509 certificates
[    2.692225] Loaded X.509 cert 'Canonical Ltd. Secure Boot Signing: 61482aa2830d0ab2ad5af10b7250da9033ddcef0'
[    2.711761] zswap: loaded using pool lzo/zbud
[    2.741816] Key type big_key registered
[    2.749192] Key type trusted registered
[    2.764970] Key type encrypted registered
[    2.772696] AppArmor: AppArmor sha1 policy hashing enabled
[    2.782658] ima: No TPM chip found, activating TPM-bypass! (rc=-19)
[    2.793715] ima: Allocated hash algorithm: sha1
[    2.802389] evm: HMAC attrs: 0x1
[    2.810625]   Magic number: 10:961:968
[    2.818452] rtc_cmos rtc_cmos: setting system clock to 2022-10-01 04:59:24 UTC (1664600364)
[    2.833388] BIOS EDD facility v0.16 2004-Jun-25, 0 devices found
[    2.843664] EDD information not available.
[    2.857458] Freeing unused kernel image memory: 2468K
[    2.892728] Write protecting the kernel read-only data: 20480k
[    2.909558] Freeing unused kernel image memory: 2008K
[    2.919101] Freeing unused kernel image memory: 1820K
[    2.937160] x86/mm: Checked W+X mappings: passed, no W+X pages found.
[    2.951490] x86/mm: Checking user space page tables
[    2.977109] x86/mm: Checked W+X mappings: passed, no W+X pages found.
Loading, please wait...
starting version 237
[    3.215138] Fusion MPT base driver 3.04.20
[    3.223089] Copyright (c) 1999-2008 LSI Corporation
[    3.249063] e1000: Intel(R) PRO/1000 Network Driver - version 7.3.21-k8-NAPI
[    3.262269] e1000: Copyright (c) 1999-2006 Intel Corporation.
[    3.301959] Fusion MPT SPI Host driver 3.04.20
[    3.512018] input: ImExPS/2 Generic Explorer Mouse as /devices/platform/i8042/serio1/input/input4
[    4.330730] e1000 0000:00:03.0 eth0: (PCI:33MHz:32-bit) 02:5a:5a:5b:d3:71
[    4.342307] e1000 0000:00:03.0 eth0: Intel(R) PRO/1000 Network Connection
[    5.283102] e1000 0000:00:08.0 eth1: (PCI:33MHz:32-bit) 08:00:27:db:fc:9a
[    5.294488] e1000 0000:00:08.0 eth1: Intel(R) PRO/1000 Network Connection
[    5.312388] e1000 0000:00:08.0 enp0s8: renamed from eth1
[    5.324759] mptbase: ioc0: Initiating bringup
[    6.723132] e1000 0000:00:03.0 enp0s3: renamed from eth0
[    6.828677] ioc0: LSI53C1030 A0: Capabilities={Initiator}
[    7.345568] scsi host2: ioc0: LSI53C1030 A0, FwRev=00000000h, Ports=1, MaxQ=256, IRQ=20
[    7.599892] scsi 2:0:0:0: Direct-Access     VBOX     HARDDISK         1.0  PQ: 0 ANSI: 5
[    7.652409] scsi target2:0:0: Beginning Domain Validation
[    7.678224] scsi target2:0:0: Domain Validation skipping write tests
[    7.693790] scsi target2:0:0: Ending Domain Validation
[    7.706644] scsi target2:0:0: asynchronous
[    7.721837] random: fast init done
[    7.730504] scsi 2:0:1:0: Direct-Access     VBOX     HARDDISK         1.0  PQ: 0 ANSI: 5
[    7.776354] scsi target2:0:1: Beginning Domain Validation
[    7.802976] scsi target2:0:1: Domain Validation skipping write tests
[    7.815982] scsi target2:0:1: Ending Domain Validation
[    7.826284] scsi target2:0:1: asynchronous
[    7.857532] random: systemd-udevd: uninitialized urandom read (16 bytes read)
[    7.869412] random: systemd-udevd: uninitialized urandom read (16 bytes read)
[    7.881844] sd 2:0:0:0: Attached scsi generic sg0 type 0
[    7.892056] random: systemd-udevd: uninitialized urandom read (16 bytes read)
[    7.907578] sd 2:0:1:0: Attached scsi generic sg1 type 0
[    7.907869] sd 2:0:0:0: [sda] 83886080 512-byte logical blocks: (42.9 GB/40.0 GiB)
[    7.930815] sd 2:0:0:0: [sda] Write Protect is off
[    7.939418] sd 2:0:1:0: [sdb] 20480 512-byte logical blocks: (10.5 MB/10.0 MiB)
[    7.945573] sd 2:0:0:0: [sda] Incomplete mode parameter data
[    7.961703] sd 2:0:0:0: [sda] Assuming drive cache: write through
[    7.971317] sd 2:0:1:0: [sdb] Write Protect is off
[    7.982627] sd 2:0:1:0: [sdb] Incomplete mode parameter data
[    7.986035]  sda: sda1
[    7.993025] sd 2:0:1:0: [sdb] Assuming drive cache: write through
[    8.000995] sd 2:0:0:0: [sda] Attached SCSI disk
[    8.062813] sd 2:0:1:0: [sdb] Attached SCSI disk
Begin: Loading essential drivers ... [   11.200381] raid6: sse2x1   gen()  5828 MB/s
[   11.256833] raid6: sse2x1   xor()  3622 MB/s
[   11.312632] raid6: sse2x2   gen()  6718 MB/s
[   11.368240] raid6: sse2x2   xor()  5633 MB/s
[   11.421586] raid6: sse2x4   gen() 10090 MB/s
[   11.476604] raid6: sse2x4   xor()  6552 MB/s
[   11.483904] raid6: using algorithm sse2x4 gen() 10090 MB/s
[   11.493065] raid6: .... xor() 6552 MB/s, rmw enabled
[   11.501929] raid6: using ssse3x2 recovery algorithm
[   11.514192] xor: measuring software checksum speed
[   14.703620]    prefetch64-sse: -1566181.-296 MB/sec
[   17.733023]    generic_sse: 28045.000 MB/sec
[   17.741245] xor: using function: generic_sse (28045.000 MB/sec)
[   17.755253] async_tx: api initialized (async)
done.
Begin: Running /scripts/init-premount ... done.
Begin: Mounting root file system ... Begin: Running /scripts/local-top ... done.
Begin: Running /scripts/local-premount ... [   17.873761] Btrfs loaded, crc32c=crc32c-intel
Scanning for Btrfs filesystems
done.
Warning: fsck not present, so skipping root file system
[   18.010542] EXT4-fs (sda1): mounted filesystem with ordered data mode. Opts: (null)
done.
Begin: Running /scripts/local-bottom ... done.
Begin: Running /scripts/init-bottom ... done.
[   19.140184] ip_tables: (C) 2000-2006 Netfilter Core Team
[   19.296767] systemd[1]: systemd 237 running in system mode. (+PAM +AUDIT +SELINUX +IMA +APPARMOR +SMACK +SYSVINIT +UTMP +LIBCRYPTSETUP +GCRYPT +GNUTLS +ACL +XZ +LZ4 +SECCOMP +BLKID +ELFUTILS +KMOD -IDN2 +IDN -PCRE2 default-hierarchy=hybrid)
[   19.340924] systemd[1]: Detected virtualization oracle.
[   19.354098] systemd[1]: Detected architecture x86-64.

Welcome to [1mUbuntu 18.04.6 LTS[0m!

[   19.460443] systemd[1]: Set hostname to <ubuntu>.
[   19.502209] systemd[1]: Initializing machine ID from random generator.
[   19.512971] systemd[1]: Installed transient /etc/machine-id file.
[   19.831131] random: crng init done
[   19.849856] random: 7 urandom warning(s) missed due to ratelimiting
[   20.972831] systemd[1]: Reached target User and Group Name Lookups.
[[0;32m  OK  [0m] Reached target User and Group Name Lookups.
[   20.992322] systemd[1]: Set up automount Arbitrary Executable File Formats File System Automount Point.
[[0;32m  OK  [0m] Set up automount Arbitrary Executab…rmats File System Automount Point.
[   21.017868] systemd[1]: Reached target Swap.
[[0;32m  OK  [0m] Reached target Swap.
[   21.033490] systemd[1]: Started Forward Password Requests to Wall Directory Watch.
[[0;32m  OK  [0m] Started Forward Password Requests to Wall Directory Watch.
[[0;32m  OK  [0m] Reached target System Time Synchronized.
[[0;32m  OK  [0m] Created slice User and Session Slice.
[[0;32m  OK  [0m] Created slice System Slice.
[[0;32m  OK  [0m] Listening on LVM2 metadata daemon socket.
[[0;32m  OK  [0m] Listening on Network Service Netlink Socket.
[[0;32m  OK  [0m] Listening on udev Control Socket.
[[0;32m  OK  [0m] Listening on Device-mapper event daemon FIFOs.
[[0;32m  OK  [0m] Created slice system-serial\x2dgetty.slice.
[[0;32m  OK  [0m] Listening on Journal Audit Socket.
[[0;32m  OK  [0m] Listening on /dev/initctl Compatibility Named Pipe.
[[0;32m  OK  [0m] Listening on Journal Socket.
         Starting Set the console keyboard layout...
         Mounting Huge Pages File System...
         Mounting POSIX Message Queue File System...
         Starting Monitoring of LVM2 mirrors…ng dmeventd or progress polling...
         Starting Load Kernel Modules...
         Mounting Kernel Debug File System...
         Starting Create list of required st…ce nodes for the current kernel...
         Starting Uncomplicated firewall...
[[0;32m  OK  [0m] Listening on udev Kernel Socket.
         Starting udev Coldplug all Devices...
[[0;32m  OK  [0m] Listening on fsck to fsckd communication Socket.
         Starting File System Check on Root Device...
[[0;32m  OK  [0m] Listening on Journal Socket (/dev/log).
[[0;32m  OK  [0m] Reached target Slices.
[[0;32m  OK  [0m] Listening on Syslog Socket.
         Starting Journal Service...
[[0;32m  OK  [0m] Listening on LVM2 poll daemon socket.
[[0;32m  OK  [0m] Mounted Huge Pages File System.
[[0;32m  OK  [0m] Mounted POSIX Message Queue File System.
[[0;32m  OK  [0m] Mounted Kernel Debug File System.
[[0;32m  OK  [0m] Started Create list of required sta…vice nodes for the current kernel.
[   21.604777] Loading iSCSI transport class v2.0-870.
[[0;32m  OK  [0m] Started Uncomplicated firewall.
[[0;32m  OK  [0m] Started File System Check Daemon to report status.
[[0;32m  OK  [0m] Started LVM2 metadata daemon.
         Starting Create Static Device Nodes in /dev...
[   21.774474] iscsi: registered transport (tcp)
[[0;32m  OK  [0m] Started Journal Service.
[[0;32m  OK  [0m] Started udev Coldplug all Devices.
[[0;32m  OK  [0m] Started Monitoring of LVM2 mirrors,…sing dmeventd or progress polling.
[[0;32m  OK  [0m] Started File System Check on Root Device.
         Starting Remount Root and Kernel File Systems...
[[0;32m  OK  [0m] Started Create Static Device Nodes in /dev.
[   22.229307] iscsi: registered transport (iser)
[   22.241534] EXT4-fs (sda1): re-mounted. Opts: (null)
[[0;32m  OK  [0m] Started Load Kernel Modules.
[[0;32m  OK  [0m] Started Remount Root and Kernel File Systems.
         Starting Load/Save Random Seed...
         Starting udev Kernel Device Manager...
         Starting Flush Journal to Persistent Storage...
         Mounting Kernel Configuration File System...
         Mounting FUSE Control File System...
         Starting Apply Kernel Variables...
[[0;32m  OK  [0m] Started Load/Save Random Seed.
[[0;32m  OK  [0m] Mounted Kernel Configuration File System.
[[0;32m  OK  [0m] Mounted FUSE Control File System.
[   22.459101] systemd-journald[391]: Received request to flush runtime journal from PID 1
[[0;32m  OK  [0m] Started udev Kernel Device Manager.
[[0;32m  OK  [0m] Started Apply Kernel Variables.
[[0;32m  OK  [0m] Started Flush Journal to Persistent Storage.
[[0;32m  OK  [0m] Found device /dev/ttyS0.
[[0;32m  OK  [0m] Listening on Load/Save RF Kill Switch Status /dev/rfkill Watch.
[[0;32m  OK  [0m] Started Set the console keyboard layout.
[[0;32m  OK  [0m] Started Dispatch Password Requests to Console Directory Watch.
[[0;32m  OK  [0m] Reached target Local Encrypted Volumes.
[[0;32m  OK  [0m] Reached target Local File Systems (Pre).
[[0;32m  OK  [0m] Reached target Local File Systems.
         Starting Commit a transient machine-id on disk...
         Starting Create Volatile Files and Directories...
         Starting Set console font and keymap...
         Starting Tell Plymouth To Write Out Runtime Data...
         Starting AppArmor initialization...
         Starting ebtables ruleset management...
[[0;32m  OK  [0m] Started Set console font and keymap.
[[0;32m  OK  [0m] Started Tell Plymouth To Write Out Runtime Data.
[[0;32m  OK  [0m] Started Create Volatile Files and Directories.
         Starting Update UTMP about System Boot/Shutdown...
[[0;32m  OK  [0m] Started Commit a transient machine-id on disk.
[[0;32m  OK  [0m] Started Update UTMP about System Boot/Shutdown.
[[0;32m  OK  [0m] Started ebtables ruleset management.
[[0;32m  OK  [0m] Started AppArmor initialization.
         Starting Initial cloud-init job (pre-networking)...
         Starting Load AppArmor profiles managed internally by snapd...
[[0;32m  OK  [0m] Started Load AppArmor profiles managed internally by snapd.
[   32.647275] cloud-init[569]: Cloud-init v. 22.2-0ubuntu1~18.04.3 running 'init-local' at Sat, 01 Oct 2022 04:59:53 +0000. Up 31.53 seconds.
[[0;32m  OK  [0m] Started Initial cloud-init job (pre-networking).
[[0;32m  OK  [0m] Reached target Network (Pre).
         Starting Network Service...
[[0;32m  OK  [0m] Started Network Service.
         Starting Wait for Network to be Configured...
         Starting Network Name Resolution...
[[0;32m  OK  [0m] Started Network Name Resolution.
[[0;32m  OK  [0m] Reached target Host and Network Name Lookups.
[[0;32m  OK  [0m] Reached target Network.
[[0;32m  OK  [0m] Started Wait for Network to be Configured.
         Starting Initial cloud-init job (metadata service crawler)...
[   35.223722] cloud-init[695]: Cloud-init v. 22.2-0ubuntu1~18.04.3 running 'init' at Sat, 01 Oct 2022 04:59:56 +0000. Up 34.93 seconds.
[   35.233189] cloud-init[695]: ci-info: ++++++++++++++++++++++++++++++++++++++Net device info+++++++++++++++++++++++++++++++++++++++
[   35.240656] cloud-init[695]: ci-info: +--------+-------+----------------------------+---------------+--------+-------------------+
[   35.248520] cloud-init[695]: ci-info: | Device |   Up  |          Address           |      Mask     | Scope  |     Hw-Address    |
[   35.257286] cloud-init[695]: ci-info: +--------+-------+----------------------------+---------------+--------+-------------------+
[   35.266450] cloud-init[695]: ci-info: | enp0s3 |  True |         10.0.2.15          | 255.255.255.0 | global | 02:5a:5a:5b:d3:71 |
[   35.274945] cloud-init[695]: ci-info: | enp0s3 |  True | fe80::5a:5aff:fe5b:d371/64 |       .       |  link  | 02:5a:5a:5b:d3:71 |
[   35.283833] cloud-init[695]: ci-info: | enp0s8 | False |             .              |       .       |   .    | 08:00:27:db:fc:9a |
[   35.293042] cloud-init[695]: ci-info: |   lo   |  True |         127.0.0.1          |   255.0.0.0   |  host  |         .         |
[   35.300363] cloud-init[695]: ci-info: |   lo   |  True |          ::1/128           |       .       |  host  |         .         |
[   35.308846] cloud-init[695]: ci-info: +--------+-------+----------------------------+---------------+--------+-------------------+
[   35.324262] cloud-init[695]: ci-info: ++++++++++++++++++++++++++++Route IPv4 info+++++++++++++++++++++++++++++
[   35.332583] cloud-init[695]: ci-info: +-------+-------------+----------+-----------------+-----------+-------+
[   35.340746] cloud-init[695]: ci-info: | Route | Destination | Gateway  |     Genmask     | Interface | Flags |
[   35.347914] cloud-init[695]: ci-info: +-------+-------------+----------+-----------------+-----------+-------+
[   35.362304] cloud-init[695]: ci-info: |   0   |   0.0.0.0   | 10.0.2.2 |     0.0.0.0     |   enp0s3  |   UG  |
[   35.378688] cloud-init[695]: ci-info: |   1   |   10.0.2.0  | 0.0.0.0  |  255.255.255.0  |   enp0s3  |   U   |
[   35.394991] cloud-init[695]: ci-info: |   2   |   10.0.2.2  | 0.0.0.0  | 255.255.255.255 |   enp0s3  |   UH  |
[   35.407678] cloud-init[695]: ci-info: +-------+-------------+----------+-----------------+-----------+-------+
[   35.423108] cloud-init[695]: ci-info: +++++++++++++++++++Route IPv6 info+++++++++++++++++++
[   35.436174] cloud-init[695]: ci-info: +-------+-------------+---------+-----------+-------+
[   35.449719] cloud-init[695]: ci-info: | Route | Destination | Gateway | Interface | Flags |
[   35.462574] cloud-init[695]: ci-info: +-------+-------------+---------+-----------+-------+
[   35.474211] cloud-init[695]: ci-info: |   1   |  fe80::/64  |    ::   |   enp0s3  |   U   |
[   35.487994] cloud-init[695]: ci-info: |   3   |    local    |    ::   |   enp0s3  |   U   |
[   35.499003] cloud-init[695]: ci-info: |   4   |   ff00::/8  |    ::   |   enp0s3  |   U   |
[   35.514100] cloud-init[695]: ci-info: +-------+-------------+---------+-----------+-------+
[   38.702817] cloud-init[695]: Generating public/private rsa key pair.
[   38.728569] cloud-init[695]: Your identification has been saved in /etc/ssh/ssh_host_rsa_key.
[   38.738348] cloud-init[695]: Your public key has been saved in /etc/ssh/ssh_host_rsa_key.pub.
[   38.761605] cloud-init[695]: The key fingerprint is:
[   38.772262] cloud-init[695]: SHA256:ayFAHAIHJyXIT9TBfEbgCY91jRwk3KIj1DaBwA0rMSw root@ubuntu-bionic
[   38.784075] cloud-init[695]: The key's randomart image is:
[   38.795017] cloud-init[695]: +---[RSA 2048]----+
[   38.804728] cloud-init[695]: |#=@=O*B=+        |
[   38.813891] cloud-init[695]: |E&.OB*+* .       |
[   38.822924] cloud-init[695]: |+.+.+++          |
[[0;32m  OK  [0m] Started Initial cloud-init job (metadata service crawler).
[[0;32m  OK  [0m] Reached target Network is Online.
[   38.840794] cloud-init[695]: |.. + .           |
[   38.844781] cloud-init[695]: |  . . . S        |
[   38.848346] cloud-init[695]: |       . o       |
[   38.851583] cloud-init[695]: |        o        |
[   38.855180] cloud-init[695]: |       .         |
[   38.858521] cloud-init[695]: |                 |
[   38.861965] cloud-init[695]: +----[SHA256]-----+
[   38.865316] cloud-init[695]: Generating public/private dsa key pair.
[   38.869539] cloud-init[695]: Your identification has been saved in /etc/ssh/ssh_host_dsa_key.
[   38.875590] cloud-init[695]: Your public key has been saved in /etc/ssh/ssh_host_dsa_key.pub.
[   38.880839] cloud-init[695]: The key fingerprint is:
[   38.884295] cloud-init[695]: SHA256:qQnRMaCZNMti2GSvz7ZDKXoEm9havCikhhciOTIdPqk root@ubuntu-bionic
[   38.889971] cloud-init[695]: The key's randomart image is:
[   38.893895] cloud-init[695]: +---[DSA 1024]----+
[   38.897107] cloud-init[695]: |  = ..o          |
[   38.900954] cloud-init[695]: |.* B . o         |
[   38.903860] cloud-init[695]: |o.B o .          |
[   38.907734] cloud-init[695]: |o... .   .       |
[   38.911001] cloud-init[695]: |.X.o..  S        |
[   38.914896] cloud-init[695]: |@.%oo. o         |
[   38.918347] cloud-init[695]: |*@ *+ o          |
[   38.922221] cloud-init[695]: |E.+...           |
[   38.925734] cloud-init[695]: |oo  ..           |
[   38.929130] cloud-init[695]: +----[SHA256]-----+
[   38.932844] cloud-init[695]: Generating public/private ecdsa key pair.
[   38.937312] cloud-init[695]: Your identification has been saved in /etc/ssh/ssh_host_ecdsa_key.
[   38.943974] cloud-init[695]: Your public key has been saved in /etc/ssh/ssh_host_ecdsa_key.pub.
[   38.950420] cloud-init[695]: The key fingerprint is:
[[0;32m  OK  [0m] Reached target Remote File Systems (Pre).
[   38.961274] cloud-init[695]: SHA256:jSQnFYa0iUtnMG1XGVesQP0vzM+0fSU0+/X/iCqtWDw root@ubuntu-bionic
[[0;32m  OK  [0m] Reached target Remote File Systems.
[   38.979508] cloud-init         Starting Availability of block devices...
[[0;32m  OK  [0m] Reached target Cloud-config availability.
[[0;32m  OK  [0m] Reached target System Initialization.
[[0;32m  OK  [0m] Listening on D-Bus System Message Bus Socket.
[[0;32m  OK  [0m] Listening on Open-iSCSI iscsid Socket.
[695]: The key's randomart image is:
[   39.019255] cloud-init[695]: +---[ECDSA 256]---+
[   39.030932] cloud-init[695]: |    oo..++++.o.  |[[0;32m  OK  [0m] Started ACPI Events Check.
[[0;32m  OK  [0m] Reached target Paths.
[[0;32m  OK  [0m] Listening on UUID daemon activation socket.
[[0;32m  OK  [0m] Started Ubuntu Advantage Timer for running repeated jobs.
[[0;32m  OK  [0m] Started Message of the Day.
[[0;32m  OK  [0m] Started Daily Cleanup of Temporary Directories.
[[0;32m  OK  [0m] Started Daily apt download activities.
[[0;32m  OK  [0m] Started Daily apt upgrade and clean activities.
         Starting LXD - unix socket.
[[0;32m  OK  [0m] Listening on cloud-init hotplug hook socket.
         Starting Socket activation for snappy daemon.
[[0;32m  OK  [0m] Started Discard unused blocks once a week.
[[0;32m  OK  [0m] Reached target Timers.
[[0;32m  OK  [0m] Listening on ACPID Listen Socket.
[[0;32m  OK  [0m] Started Availability of block devices.
[[0;32m  OK  [0m] Listening on Socket activation for snappy daemon.
[[0;32m  OK  [0m] Listening on LXD - unix socket.
[[0;32m  OK  [0m] Reached target Sockets.
[[0;32m  OK  [0m] Reached target Basic System.

[   39.147941] cloud-init[695]: |     ++=. o.. .  |
[   39.161161] cloud-init[695]: |    o.B.o  . o   |
[   39.170604] cloud-init[695]: |   . + = o  . +  |
[   39.180087] cloud-init[695]: |    .   S .  + + |
[   39.192107] cloud-init[695]: |       .      * =|
[   39.210472]          Starting Dispatcher daemon for systemd-networkd...
cloud-init[695]: |        E.     B*|
[   39.221058] cloud-init[695]: |       o...  . oB|
[   39.224957] cloud-init[695]: |      . .o... . *|
[   39.228924] cloud-init[695]: +----[SHA256]-----+
[   39.233379] cloud-init[695]: Generating public/private ed25519 key pair.
[   39.239187] cloud-init[695]: Your identification has been saved in /etc/ssh/ssh_host_ed25519_key.
[   39.247549] cloud-init[695]: Your public key has been saved in /etc/ssh/ssh_host_ed25519_key.pub.
         Starting Virtualbox guest utils...
[   39.274599] cloud-init[695]: The key fingerprint is:
[   39.286141] cloud-init[695]: SHA256:0DGEmge+M/Bw4HiR4qAA4Ld9c0Lg6etMo8uHtvyo8ZQ root@ubuntu-bionic
[   39.302443] cloud-init[695]: The key's randomart image is:
[   39.312072] cloud-init[695]: +--[ED25519 256]--+
[   39.322097] cloud-init[695]: |=  . . o+        |
[   39.331347] cloud-init[695]: |= + o +. o       |
[   39.342044] cloud-init[695]: |== = *...        |
[   39.351314] cloud-init[695]: |o.* O o.         |
[   39.361517] cloud-init[695]: | . * = +S.       |
[   39.371019] cloud-init[695]: |    * o +        |
[   39.382371] cloud-init[695]: | . E.*           |
[   39.393248] cloud-init[695]: |  *o*..          |
[   39.402483] cloud-init[695]: | .oO=+           |
[   39.413727] cloud-init[695]:          Starting Pollinate to seed the pseudo random number generator...+----[SHA256]-----+

         Starting Accounts Service...
         Starting Login Service...
         Starting LXD - container startup/shutdown...
[[0;32m  OK  [0m] Started D-Bus System Message Bus.
[[0;32m  OK  [0m] Started Login Service.
[[0;32m  OK  [0m] Started Unattended Upgrades Shutdown.
[[0;32m  OK  [0m] Started Regular background program processing daemon.
         Starting LSB: automatic crash report generation...
         Starting System Logging Service...
[[0;32m  OK  [0m] Started FUSE filesystem for LXC.
         Starting Snap Daemon...
         Starting Permit User Sessions...
[[0;32m  OK  [0m] Started irqbalance daemon.
         Starting LSB: Record successful boot for GRUB...
[[0;32m  OK  [0m] Started Deferred execution scheduler.
[[0;32m  OK  [0m] Started Permit User Sessions.
[[0;32m  OK  [0m] Started System Logging Service.
         Starting Authorization Manager...
         Starting Terminate Plymouth Boot Screen...
         Starting Hold until boot process finishes up...
[[0;32m  OK  [0m] Started Hold until boot process finishes up.
[[0;32m  OK  [0m] Started Serial Getty on ttyS0.
         Starting Set console scheme...
[[0;32m  OK  [0m] Started Terminate Plymouth Boot Screen.
[[0;32m  OK  [0m] Started LSB: automatic crash report generation.
[[0;32m  OK  [0m] Started Set console scheme.
[[0;32m  OK  [0m] Created slice system-getty.slice.
[[0;32m  OK  [0m] Started Getty on tty1.
[[0;32m  OK  [0m] Reached target Login Prompts.
[[0;32m  OK  [0m] Started Authorization Manager.
[[0;32m  OK  [0m] Started Accounts Service.
[[0;32m  OK  [0m] Started LSB: Record successful boot for GRUB.
[[0;32m  OK  [0m] Started Dispatcher daemon for systemd-networkd.
[[0;32m  OK  [0m] Started Virtualbox guest utils.
[[0;32m  OK  [0m] Started LXD - container startup/shutdown.
[[0;32m  OK  [0m] Started Snap Daemon.
         Starting Wait until snapd is fully seeded...
         Starting Time & Date Service...
[[0;32m  OK  [0m] Started Time & Date Service.

Ubuntu 18.04.6 LTS ubuntu-bionic ttyS0

ubuntu-bionic login: [   54.687138] cloud-init[1395]: Cloud-init v. 22.2-0ubuntu1~18.04.3 running 'modules:config' at Sat, 01 Oct 2022 05:00:12 +0000. Up 50.64 seconds.
ci-info: no authorized SSH keys fingerprints found for user ubuntu.
<14>Oct  1 05:00:17 cloud-init: #############################################################
<14>Oct  1 05:00:17 cloud-init: -----BEGIN SSH HOST KEY FINGERPRINTS-----
<14>Oct  1 05:00:17 cloud-init: 1024 SHA256:qQnRMaCZNMti2GSvz7ZDKXoEm9havCikhhciOTIdPqk root@ubuntu-bionic (DSA)
<14>Oct  1 05:00:17 cloud-init: 256 SHA256:jSQnFYa0iUtnMG1XGVesQP0vzM+0fSU0+/X/iCqtWDw root@ubuntu-bionic (ECDSA)
<14>Oct  1 05:00:17 cloud-init: 256 SHA256:0DGEmge+M/Bw4HiR4qAA4Ld9c0Lg6etMo8uHtvyo8ZQ root@ubuntu-bionic (ED25519)
<14>Oct  1 05:00:17 cloud-init: 2048 SHA256:ayFAHAIHJyXIT9TBfEbgCY91jRwk3KIj1DaBwA0rMSw root@ubuntu-bionic (RSA)
<14>Oct  1 05:00:17 cloud-init: -----END SSH HOST KEY FINGERPRINTS-----
<14>Oct  1 05:00:17 cloud-init: #############################################################
-----BEGIN SSH HOST KEY KEYS-----
ecdsa-sha2-nistp256 AAAAE2VjZHNhLXNoYTItbmlzdHAyNTYAAAAIbmlzdHAyNTYAAABBBFofo087YTDdbOcbyWRguIP/4qSjR2h0c8J43oZqGFvgascq1QcPHbdEKbVe11W0/yJAKV8lpv3nv3TeE115HV0= root@ubuntu-bionic
ssh-ed25519 AAAAC3NzaC1lZDI1NTE5AAAAIEbdBuckg1JwJNJBXhaxK1LLgCZBeJLmT8dTou0wCv8e root@ubuntu-bionic
ssh-rsa AAAAB3NzaC1yc2EAAAADAQABAAABAQCwkd0DTemhzr1H1+X2KaN3kfRiTRtTnTY7NGmni8cfb7TG1lO/Gpn3o0HKMdZ+N2Apu2Zgv2OWlNVlfhg8fiEQpKFlq4+Vm8Z2eYCejFzinkixvmdTrDOczfh+cI9kpVcmt6ZvAJq/8T813M3O+b5HeNz23Vw4wRSsgrzLgVi/EvEt/OtY+8qTKoI68hC30mjStAIseaDG/eGePczrwk9EfsmO/OyESkV92cnylokrWFExvqHS7A1+jJwVBLgigHAdgA/yrFMTFl79sWbtUcvgKxMkq4vw2Uach8NLmhTQX2hd+XTZLKI7xjlxGmw0N2poDf/nbkCy7TVcX3UD5pOl root@ubuntu-bionic
-----END SSH HOST KEY KEYS-----
[   56.377856] cloud-init[1597]: Cloud-init v. 22.2-0ubuntu1~18.04.3 running 'modules:final' at Sat, 01 Oct 2022 05:00:17 +0000. Up 55.86 seconds.
[   56.378024] cloud-init[1597]: Cloud-init v. 22.2-0ubuntu1~18.04.3 finished at Sat, 01 Oct 2022 05:00:18 +0000. Datasource DataSourceNoCloud [seed=/dev/sdb][dsmode=net].  Up 56.36 seconds
